[2019-05-09T10:04:21.637] [INFO] access - ::1 - - "GET / HTTP/1.1" 200 1610 "" "Mozilla/5.0 (Windows NT 10.0; Win64; x64) AppleWebKit/537.36 (KHTML, like Gecko) Chrome/73.0.3683.103 Safari/537.36"
[2019-05-09T10:04:21.672] [INFO] access - ::1 - - "GET /static/js/manifest.c12f3d60c81acf53489d.js HTTP/1.1" 200 2129 "http://localhost:3000/" "Mozilla/5.0 (Windows NT 10.0; Win64; x64) AppleWebKit/537.36 (KHTML, like Gecko) Chrome/73.0.3683.103 Safari/537.36"
[2019-05-09T10:04:21.672] [INFO] access - ::1 - - "GET /static/css/app.cefb3632efae13e7fa13e9ff838515d4.css HTTP/1.1" 200 10806 "http://localhost:3000/" "Mozilla/5.0 (Windows NT 10.0; Win64; x64) AppleWebKit/537.36 (KHTML, like Gecko) Chrome/73.0.3683.103 Safari/537.36"
[2019-05-09T10:04:21.674] [INFO] access - ::1 - - "GET /static/js/vendor.ebd173c27445f93f6349.js HTTP/1.1" 200 165380 "http://localhost:3000/" "Mozilla/5.0 (Windows NT 10.0; Win64; x64) AppleWebKit/537.36 (KHTML, like Gecko) Chrome/73.0.3683.103 Safari/537.36"
[2019-05-09T10:04:21.676] [INFO] access - ::1 - - "GET /static/js/app.a0b3a5f00acdeb9ea497.js HTTP/1.1" 200 54422 "http://localhost:3000/" "Mozilla/5.0 (Windows NT 10.0; Win64; x64) AppleWebKit/537.36 (KHTML, like Gecko) Chrome/73.0.3683.103 Safari/537.36"
[2019-05-09T10:04:21.848] [INFO] access - ::1 - - "GET /static/js/11.2a03791e8df809555cc4.js HTTP/1.1" 200 1809 "http://localhost:3000/" "Mozilla/5.0 (Windows NT 10.0; Win64; x64) AppleWebKit/537.36 (KHTML, like Gecko) Chrome/73.0.3683.103 Safari/537.36"
[2019-05-09T10:04:21.848] [INFO] access - ::1 - - "GET /static/js/0.a2953606d9fe01b3817e.js HTTP/1.1" 200 1036 "http://localhost:3000/" "Mozilla/5.0 (Windows NT 10.0; Win64; x64) AppleWebKit/537.36 (KHTML, like Gecko) Chrome/73.0.3683.103 Safari/537.36"
[2019-05-09T10:04:21.848] [INFO] access - ::1 - - "GET /static/js/3.dfc426b5005709a28fdd.js HTTP/1.1" 200 5271 "http://localhost:3000/" "Mozilla/5.0 (Windows NT 10.0; Win64; x64) AppleWebKit/537.36 (KHTML, like Gecko) Chrome/73.0.3683.103 Safari/537.36"
[2019-05-09T10:04:21.889] [INFO] access - ::1 - - "GET /static/js/26.e2b8703b5fabc75437fc.js HTTP/1.1" 200 1525 "http://localhost:3000/" "Mozilla/5.0 (Windows NT 10.0; Win64; x64) AppleWebKit/537.36 (KHTML, like Gecko) Chrome/73.0.3683.103 Safari/537.36"
[2019-05-09T10:04:21.890] [INFO] access - ::1 - - "GET /static/js/22.095b6f22e97d319c98e0.js HTTP/1.1" 200 2506 "http://localhost:3000/" "Mozilla/5.0 (Windows NT 10.0; Win64; x64) AppleWebKit/537.36 (KHTML, like Gecko) Chrome/73.0.3683.103 Safari/537.36"
[2019-05-09T10:04:21.892] [INFO] access - ::1 - - "GET /static/js/28.b0883ebf1c663e061abf.js HTTP/1.1" 200 1472 "http://localhost:3000/" "Mozilla/5.0 (Windows NT 10.0; Win64; x64) AppleWebKit/537.36 (KHTML, like Gecko) Chrome/73.0.3683.103 Safari/537.36"
[2019-05-09T10:04:21.895] [INFO] access - ::1 - - "GET /static/js/21.463a3d558cefcf2e5168.js HTTP/1.1" 200 1330 "http://localhost:3000/" "Mozilla/5.0 (Windows NT 10.0; Win64; x64) AppleWebKit/537.36 (KHTML, like Gecko) Chrome/73.0.3683.103 Safari/537.36"
[2019-05-09T10:04:21.904] [INFO] access - ::1 - - "GET /static/js/23.8d30e0935ea29b65856e.js HTTP/1.1" 200 1220 "http://localhost:3000/" "Mozilla/5.0 (Windows NT 10.0; Win64; x64) AppleWebKit/537.36 (KHTML, like Gecko) Chrome/73.0.3683.103 Safari/537.36"
[2019-05-09T10:04:21.934] [INFO] access - ::1 - - "GET /static/img/logo.3c28af6.png HTTP/1.1" 200 46298 "http://localhost:3000/" "Mozilla/5.0 (Windows NT 10.0; Win64; x64) AppleWebKit/537.36 (KHTML, like Gecko) Chrome/73.0.3683.103 Safari/537.36"
[2019-05-09T10:04:21.978] [INFO] access - ::1 - - "GET /static/js/27.d626bf8aab7b28365482.js HTTP/1.1" 200 1632 "http://localhost:3000/" "Mozilla/5.0 (Windows NT 10.0; Win64; x64) AppleWebKit/537.36 (KHTML, like Gecko) Chrome/73.0.3683.103 Safari/537.36"
[2019-05-09T10:05:17.300] [INFO] access - ::1 - - "GET /api/article/selectAllType HTTP/1.1" 400 - "" "Mozilla/5.0 (Windows NT 10.0; Win64; x64) AppleWebKit/537.36 (KHTML, like Gecko) Chrome/73.0.3683.103 Safari/537.36"
[2019-05-09T10:05:17.353] [INFO] access - ::1 - - "GET /favicon.ico HTTP/1.1" 404 - "http://localhost:3000/api/article/selectAllType" "Mozilla/5.0 (Windows NT 10.0; Win64; x64) AppleWebKit/537.36 (KHTML, like Gecko) Chrome/73.0.3683.103 Safari/537.36"
[2019-05-09T10:06:54.320] [INFO] access - ::1 - - "GET /api/article/selectAllType HTTP/1.1" 400 - "" "Mozilla/5.0 (Windows NT 10.0; Win64; x64) AppleWebKit/537.36 (KHTML, like Gecko) Chrome/73.0.3683.103 Safari/537.36"
[2019-05-09T10:07:19.704] [INFO] access - ::1 - - "GET /api/article/selectAllType HTTP/1.1" 200 120 "" "Mozilla/5.0 (Windows NT 10.0; Win64; x64) AppleWebKit/537.36 (KHTML, like Gecko) Chrome/73.0.3683.103 Safari/537.36"
[2019-05-09T10:08:37.585] [INFO] access - ::1 - - "GET /api/article/selectAllType HTTP/1.1" 400 - "" "Mozilla/5.0 (Windows NT 10.0; Win64; x64) AppleWebKit/537.36 (KHTML, like Gecko) Chrome/73.0.3683.103 Safari/537.36"
